-------------------------------------------------------------------------------
Test set: com.github.ryneal.mitre.oidc.TestBootApplicationTests
-------------------------------------------------------------------------------
Tests run: 1, Failures: 0, Errors: 1, Skipped: 0, Time elapsed: 5.083 s <<< FAILURE! - in com.github.ryneal.mitre.oidc.TestBootApplicationTests
contextLoads(com.github.ryneal.mitre.oidc.TestBootApplicationTests)  Time elapsed: 0.019 s  <<< ERROR!
java.lang.IllegalStateException: Failed to load ApplicationContext
Caused by: org.springframework.beans.factory.BeanCreationException: Error creating bean with name 'entityManagerFactory' defined in class path resource [com/github/ryneal/mitre/oidc/config/JpaConfig.class]: Invocation of init method failed; nested exception is java.lang.NoClassDefFoundError: org/eclipse/persistence/platform/server/ServerPlatformUtils
Caused by: java.lang.NoClassDefFoundError: org/eclipse/persistence/platform/server/ServerPlatformUtils
Caused by: java.lang.ClassNotFoundException: org.eclipse.persistence.platform.server.ServerPlatformUtils

